Using pre-set license
Built from '2021.3/staging' branch; Version is '2021.3.6f1 (7da38d85baf6) revision 8233869'; Using compiler version '192829333'; Build Type 'Release'
OS: 'Windows 11  (10.0.22000) 64bit Core' Language: 'ru' Physical Memory: 16268 MB
BatchMode: 1, IsHumanControllingUs: 0, StartBugReporterOnCrash: 0, Is64bit: 1, IsPro: 1

COMMAND LINE ARGUMENTS:
C:\Program Files\Unity\Hub\Editor\2021.3.6f1\Editor\Unity.exe
-adb2
-batchMode
-noUpm
-name
AssetImportWorker0
-projectPath
C:/Users/ilias/Desktop/FirstProject
-logFile
Logs/AssetImportWorker0.log
-srvPort
64984
Successfully changed project path to: C:/Users/ilias/Desktop/FirstProject
C:/Users/ilias/Desktop/FirstProject
[UnityMemory] Configuration Parameters - Can be set up in boot.config
    "memorysetup-bucket-allocator-granularity=16"
    "memorysetup-bucket-allocator-bucket-count=8"
    "memorysetup-bucket-allocator-block-size=33554432"
    "memorysetup-bucket-allocator-block-count=8"
    "memorysetup-main-allocator-block-size=16777216"
    "memorysetup-thread-allocator-block-size=16777216"
    "memorysetup-gfx-main-allocator-block-size=16777216"
    "memorysetup-gfx-thread-allocator-block-size=16777216"
    "memorysetup-cache-allocator-block-size=4194304"
    "memorysetup-typetree-allocator-block-size=2097152"
    "memorysetup-profiler-bucket-allocator-granularity=16"
    "memorysetup-profiler-bucket-allocator-bucket-count=8"
    "memorysetup-profiler-bucket-allocator-block-size=33554432"
    "memorysetup-profiler-bucket-allocator-block-count=8"
    "memorysetup-profiler-allocator-block-size=16777216"
    "memorysetup-profiler-editor-allocator-block-size=1048576"
    "memorysetup-temp-allocator-size-main=16777216"
    "memorysetup-job-temp-allocator-block-size=2097152"
    "memorysetup-job-temp-allocator-block-size-background=1048576"
    "memorysetup-job-temp-allocator-reduction-small-platforms=262144"
    "memorysetup-temp-allocator-size-background-worker=32768"
    "memorysetup-temp-allocator-size-job-worker=262144"
    "memorysetup-temp-allocator-size-preload-manager=33554432"
    "memorysetup-temp-allocator-size-nav-mesh-worker=65536"
    "memorysetup-temp-allocator-size-audio-worker=65536"
    "memorysetup-temp-allocator-size-cloud-worker=32768"
    "memorysetup-temp-allocator-size-gi-baking-worker=262144"
    "memorysetup-temp-allocator-size-gfx=262144"
Refreshing native plugins compatible for Editor in 108.97 ms, found 3 plugins.
Preloading 0 native plugins for Editor in 0.00 ms.
Initialize engine version: 2021.3.6f1 (7da38d85baf6)
[Subsystems] Discovering subsystems at path C:/Program Files/Unity/Hub/Editor/2021.3.6f1/Editor/Data/Resources/UnitySubsystems
[Subsystems] Discovering subsystems at path C:/Users/ilias/Desktop/FirstProject/Assets
GfxDevice: creating device client; threaded=0; jobified=0
Direct3D:
    Version:  Direct3D 11.0 [level 11.1]
    Renderer: NVIDIA GeForce MX250 (ID=0x1d52)
    Vendor:   NVIDIA
    VRAM:     1983 MB
    Driver:   31.0.15.1659
Initialize mono
Mono path[0] = 'C:/Program Files/Unity/Hub/Editor/2021.3.6f1/Editor/Data/Managed'
Mono path[1] = 'C:/Program Files/Unity/Hub/Editor/2021.3.6f1/Editor/Data/MonoBleedingEdge/lib/mono/unityjit-win32'
Mono config path = 'C:/Program Files/Unity/Hub/Editor/2021.3.6f1/Editor/Data/MonoBleedingEdge/etc'
Using monoOptions --debugger-agent=transport=dt_socket,embedding=1,server=y,suspend=n,address=127.0.0.1:56328
Begin MonoManager ReloadAssembly
Registering precompiled unity dll's ...
Register platform support module: C:/Program Files/Unity/Hub/Editor/2021.3.6f1/Editor/Data/PlaybackEngines/AndroidPlayer/UnityEditor.Android.Extensions.dll
Register platform support module: C:/Program Files/Unity/Hub/Editor/2021.3.6f1/Editor/Data/PlaybackEngines/WindowsStandaloneSupport/UnityEditor.WindowsStandalone.Extensions.dll
Registered in 0.005920 seconds.
Native extension for WindowsStandalone target not found
Native extension for Android target not found
Refreshing native plugins compatible for Editor in 148.71 ms, found 3 plugins.
Preloading 0 native plugins for Editor in 0.00 ms.
Mono: successfully reloaded assembly
- Completed reload, in  0.814 seconds
Domain Reload Profiling:
	ReloadAssembly (814ms)
		BeginReloadAssembly (77ms)
			ExecutionOrderSort (0ms)
			DisableScriptedObjects (0ms)
			BackupInstance (0ms)
			ReleaseScriptingObjects (0ms)
			CreateAndSetChildDomain (1ms)
		EndReloadAssembly (610ms)
			LoadAssemblies (75ms)
			RebuildTransferFunctionScriptingTraits (0ms)
			SetupTypeCache (122ms)
			ReleaseScriptCaches (0ms)
			RebuildScriptCaches (31ms)
			SetupLoadedEditorAssemblies (395ms)
				LogAssemblyErrors (0ms)
				InitializePlatformSupportModulesInManaged (66ms)
				SetLoadedEditorAssemblies (0ms)
				RefreshPlugins (149ms)
				BeforeProcessingInitializeOnLoad (2ms)
				ProcessInitializeOnLoadAttributes (125ms)
				ProcessInitializeOnLoadMethodAttributes (53ms)
				AfterProcessingInitializeOnLoad (0ms)
				EditorAssembliesLoaded (0ms)
			ExecutionOrderSort2 (0ms)
			AwakeInstancesAfterBackupRestoration (0ms)
Platform modules already initialized, skipping
Registering precompiled user dll's ...
Registered in 0.006172 seconds.
Begin MonoManager ReloadAssembly
Symbol file LoadedFromMemory doesn't match image C:\Users\ilias\Desktop\FirstProject\Library\PackageCache\com.unity.visualscripting@1.7.8\Editor\VisualScripting.Core\Dependencies\YamlDotNet\Unity.VisualScripting.YamlDotNet.dll
Symbol file LoadedFromMemory doesn't match image C:\Users\ilias\Desktop\FirstProject\Library\PackageCache\com.unity.visualscripting@1.7.8\Editor\VisualScripting.Core\Dependencies\DotNetZip\Unity.VisualScripting.IonicZip.dll
Native extension for WindowsStandalone target not found
Native extension for Android target not found
Refreshing native plugins compatible for Editor in 0.60 ms, found 3 plugins.
Preloading 0 native plugins for Editor in 0.00 ms.
Mono: successfully reloaded assembly
- Completed reload, in  1.361 seconds
Domain Reload Profiling:
	ReloadAssembly (1362ms)
		BeginReloadAssembly (253ms)
			ExecutionOrderSort (0ms)
			DisableScriptedObjects (8ms)
			BackupInstance (0ms)
			ReleaseScriptingObjects (0ms)
			CreateAndSetChildDomain (155ms)
		EndReloadAssembly (991ms)
			LoadAssemblies (90ms)
			RebuildTransferFunctionScriptingTraits (0ms)
			SetupTypeCache (336ms)
			ReleaseScriptCaches (1ms)
			RebuildScriptCaches (54ms)
			SetupLoadedEditorAssemblies (449ms)
				LogAssemblyErrors (0ms)
				InitializePlatformSupportModulesInManaged (15ms)
				SetLoadedEditorAssemblies (1ms)
				RefreshPlugins (1ms)
				BeforeProcessingInitializeOnLoad (107ms)
				ProcessInitializeOnLoadAttributes (283ms)
				ProcessInitializeOnLoadMethodAttributes (35ms)
				AfterProcessingInitializeOnLoad (7ms)
				EditorAssembliesLoaded (0ms)
			ExecutionOrderSort2 (0ms)
			AwakeInstancesAfterBackupRestoration (7ms)
Platform modules already initialized, skipping
========================================================================
Worker process is ready to serve import requests
Launched and connected shader compiler UnityShaderCompiler.exe after 0.04 seconds
Refreshing native plugins compatible for Editor in 0.98 ms, found 3 plugins.
Preloading 0 native plugins for Editor in 0.00 ms.
Unloading 3368 Unused Serialized files (Serialized files now loaded: 0)
Unloading 27 unused Assets / (111.0 KB). Loaded Objects now: 3827.
Memory consumption went from 115.9 MB to 115.8 MB.
Total: 5.757700 ms (FindLiveObjects: 0.363200 ms CreateObjectMapping: 0.260200 ms MarkObjects: 4.994800 ms  DeleteObjects: 0.138100 ms)

AssetImportParameters requested are different than current active one (requested -> active):
  custom:video-decoder-ogg-theora: a1e56fd34408186e4bbccfd4996cb3dc -> 
  custom:container-muxer-webm: aa71ff27fc2769a1b78a27578f13a17b -> 
  custom:container-demuxer-webm: 4f35f7cbe854078d1ac9338744f61a02 -> 
  custom:video-encoder-webm-vp8: eb34c28f22e8b96e1ab97ce403110664 -> 
  custom:audio-encoder-webm-vorbis: bf7c407c2cedff20999df2af8eb42d56 -> 
  custom:framework-win-MediaFoundation: 216162199b28c13a410421893ffa2e32 -> 
  custom:container-demuxer-ogg: 62fdf1f143b41e24485cea50d1cbac27 -> 
  custom:video-decoder-webm-vp8: 9c59270c3fd7afecdb556c50c9e8de78 -> 
  custom:audio-decoder-ogg-vorbis: bf7c407c2cedff20999df2af8eb42d56 -> 
========================================================================
Received Import Request.
  Time since last request: 261233.590455 seconds.
  path: Assets/New Material.mat
  artifactKey: Guid(f630ddd73e95e9a49b86680a3981fc07) Importer(815301076,1909f56bfc062723c751e8b465ee728b)
Start importing Assets/New Material.mat using Guid(f630ddd73e95e9a49b86680a3981fc07) Importer(815301076,1909f56bfc062723c751e8b465ee728b)  -> (artifact id: '1bba07772d4c22dfc1e1014bd0f6643e') in 0.281835 seconds 
========================================================================
Received Import Request.
  Time since last request: 353.019276 seconds.
  path: Assets/New Material 1.mat
  artifactKey: Guid(fa93793ed05e39947bcd1c4df29a4b44) Importer(815301076,1909f56bfc062723c751e8b465ee728b)
Start importing Assets/New Material 1.mat using Guid(fa93793ed05e39947bcd1c4df29a4b44) Importer(815301076,1909f56bfc062723c751e8b465ee728b)  -> (artifact id: '28bfac65a0e33fba56f3941b169f4ac8') in 0.020415 seconds 
========================================================================
Received Import Request.
  Time since last request: 12.332618 seconds.
  path: Assets/Grass.mat
  artifactKey: Guid(f630ddd73e95e9a49b86680a3981fc07) Importer(815301076,1909f56bfc062723c751e8b465ee728b)
Start importing Assets/Grass.mat using Guid(f630ddd73e95e9a49b86680a3981fc07) Importer(815301076,1909f56bfc062723c751e8b465ee728b)  -> (artifact id: '51f374279fc65b7e6ac7215b946217b1') in 0.014702 seconds 
========================================================================
Received Import Request.
  Time since last request: 6.490164 seconds.
  path: Assets/Aspalt.mat
  artifactKey: Guid(fa93793ed05e39947bcd1c4df29a4b44) Importer(815301076,1909f56bfc062723c751e8b465ee728b)
Start importing Assets/Aspalt.mat using Guid(fa93793ed05e39947bcd1c4df29a4b44) Importer(815301076,1909f56bfc062723c751e8b465ee728b)  -> (artifact id: '5303ec1069a11c47d111937f765e014b') in 0.017558 seconds 
========================================================================
Received Import Request.
  Time since last request: 686.890827 seconds.
  path: Assets/New Material.mat
  artifactKey: Guid(cc39a36980e385b4ca3c30c34b5990d5) Importer(815301076,1909f56bfc062723c751e8b465ee728b)
Start importing Assets/New Material.mat using Guid(cc39a36980e385b4ca3c30c34b5990d5) Importer(815301076,1909f56bfc062723c751e8b465ee728b)  -> (artifact id: '1b3734e9ba6c417c4865c1efdc890dec') in 0.027544 seconds 
========================================================================
Received Import Request.
  Time since last request: 21.253419 seconds.
  path: Assets/Tree.mat
  artifactKey: Guid(cc39a36980e385b4ca3c30c34b5990d5) Importer(815301076,1909f56bfc062723c751e8b465ee728b)
Start importing Assets/Tree.mat using Guid(cc39a36980e385b4ca3c30c34b5990d5) Importer(815301076,1909f56bfc062723c751e8b465ee728b)  -> (artifact id: '1e652597cf271bec4592b1ec51fe8f2f') in 0.015386 seconds 
========================================================================
Received Import Request.
  Time since last request: 863.972256 seconds.
  path: Assets/New Material.mat
  artifactKey: Guid(f4286de3f6eb7d0498e179b83f067323) Importer(815301076,1909f56bfc062723c751e8b465ee728b)
Start importing Assets/New Material.mat using Guid(f4286de3f6eb7d0498e179b83f067323) Importer(815301076,1909f56bfc062723c751e8b465ee728b)  -> (artifact id: 'dac384a8cf4f64ab0110c4d010164770') in 0.017906 seconds 
========================================================================
Received Import Request.
  Time since last request: 28.167317 seconds.
  path: Assets/Leg.mat
  artifactKey: Guid(f4286de3f6eb7d0498e179b83f067323) Importer(815301076,1909f56bfc062723c751e8b465ee728b)
Start importing Assets/Leg.mat using Guid(f4286de3f6eb7d0498e179b83f067323) Importer(815301076,1909f56bfc062723c751e8b465ee728b)  -> (artifact id: '1749feec3d4a993e6da703b4643b530a') in 0.013965 seconds 
========================================================================
Received Import Request.
  Time since last request: 368.282978 seconds.
  path: Assets/Aspalt.mat
  artifactKey: Guid(fa93793ed05e39947bcd1c4df29a4b44) Importer(815301076,1909f56bfc062723c751e8b465ee728b)
Start importing Assets/Aspalt.mat using Guid(fa93793ed05e39947bcd1c4df29a4b44) Importer(815301076,1909f56bfc062723c751e8b465ee728b)  -> (artifact id: 'e5ec3463efde4e82d0982e1907db99eb') in 0.019147 seconds 
